<?xml version="1.0" encoding="UTF-8"?>
<testsuite xmlns:xsi="http://www.w3.org/2001/XMLSchema-instance" xsi:noNamespaceSchemaLocation="https://maven.apache.org/surefire/maven-surefire-plugin/xsd/surefire-test-report.xsd" version="3.0.2" name="ntnu.it1901.hilala.checksum.ui.SecondaryControllerTest" time="2.534" tests="1" errors="1" skipped="0" failures="0">
  <properties>
[...]
</properties>
  <testcase name="check_details" classname="ntnu.it1901.hilala.checksum.ui.SecondaryControllerTest" time="2.527">
    <error message="there is no node in the scene-graph matching the query: NodeQuery: from nodes: [VBox@6b856d19[styleClass=root]],&#10;lookup by function: &quot;org.testfx.util.NodeQueryUtils$$Lambda/0x000000880043b2b0@160396db&quot;,&#10;lookup by selector: &quot;#lblFilename&quot;" type="org.testfx.service.query.EmptyNodeQueryException"><![CDATA[org.testfx.service.query.EmptyNodeQueryException: 
there is no node in the scene-graph matching the query: NodeQuery: from nodes: [VBox@6b856d19[styleClass=root]],
lookup by function: "org.testfx.util.NodeQueryUtils$$Lambda/0x000000880043b2b0@160396db",
lookup by selector: "#lblFilename"
	at org.testfx.service.query.impl.NodeQueryImpl.query(NodeQueryImpl.java:131)
	at it1901Course@1.0-SNAPSHOT/ntnu.it1901.hilala.checksum.ui.SecondaryControllerTest.check_details(SecondaryControllerTest.java:83)
	at java.base/java.lang.reflect.Method.invoke(Method.java:580)
	at java.base/java.util.ArrayList.forEach(ArrayList.java:1596)
	at java.base/java.util.ArrayList.forEach(ArrayList.java:1596)
]]></error>
  </testcase>
</testsuite>